Change Net Name : Old Net Name=NetU12_2 New Net Name=cap_IN_SSTX1_P
Change Net Name : Old Net Name=NetU12_3 New Net Name=cap_IN_SSTX1_N
Change Net Name : Old Net Name=NetU12_4 New Net Name=cap_IN_SSTX2_N
Change Net Name : Old Net Name=NetU12_5 New Net Name=cap_IN_SSTX2_P
Change Net Name : Old Net Name=NetU12_6 New Net Name=cap_IN_SSRX1_P
Change Net Name : Old Net Name=NetU12_7 New Net Name=cap_IN_SSRX1_N
Change Net Name : Old Net Name=NetU12_8 New Net Name=cap_IN_SSRX2_N
Change Net Name : Old Net Name=NetU12_9 New Net Name=cap_IN_SSRX2_P
Added Differential Pair: Name=cap_IN_SSRX1
Added Differential Pair: Name=cap_IN_SSRX2
Added Differential Pair: Name=cap_IN_SSTX1
Added Differential Pair: Name=cap_IN_SSTX2
Add Differential Pair: Number of nets in differential pair cap_SSRX2 is 1 instead of 2
Added Member To Class: ClassName=USB Member=Wire cap_IN_SSRX1_N
Added Member To Class: ClassName=USB Member=Wire cap_IN_SSRX1_P
Added Member To Class: ClassName=USB Member=Wire cap_IN_SSRX2_N
Added Member To Class: ClassName=USB Member=Wire cap_IN_SSRX2_P
Added Member To Class: ClassName=USB Member=Wire cap_IN_SSTX1_N
Added Member To Class: ClassName=USB Member=Wire cap_IN_SSTX1_P
Added Member To Class: ClassName=USB Member=Wire cap_IN_SSTX2_N
Added Member To Class: ClassName=USB Member=Wire cap_IN_SSTX2_P
