Added Component: Designator=R64(R0402_L)
Add component (AddParameter): Name = "BOM名称"; Value = "贴片电阻"; VariantName = "[No Variations]"
Add component (AddParameter): Name = "学习资源"; Value = "www.ooocke.com"; VariantName = "[No Variations]"
Add component (AddParameter): Name = "版权归属"; Value = "源创客"; VariantName = "[No Variations]"
Added Component: Designator=U16(SOP8_L)
Added Pin To Net: NetName=VCC3V3 Pin=R64-2
Added Pin To Net: NetName=GND Pin=U16-4
Added Pin To Net: NetName=VCC3V3 Pin=U16-7
Added Pin To Net: NetName=VCC3V3 Pin=U16-8
Added Pin To Net: NetName=NetR64_1 Pin=R64-1
Added Pin To Net: NetName=NetR64_1 Pin=U16-3
Added Net: Name=NetR64_1
Added Pin To Net: NetName=SPICLK Pin=U16-6
Added Net: Name=SPICLK
Added Pin To Net: NetName=SPICS Pin=U16-1
Added Net: Name=SPICS
Added Pin To Net: NetName=SPISI Pin=U16-5
Added Net: Name=SPISI
Added Pin To Net: NetName=SPISO Pin=U16-2
Added Net: Name=SPISO
Added Member To Class: ClassName=Vl822 Member=Component R64 10K 1%
Added Member To Class: ClassName=Vl822 Member=Component U16 P25Q21H
