Replace Part C? C in H:\Project\USB-SATA_Vl822+jms578\pcb\Core\ver0.1\Core\jms578.SchDoc with C from Capacitor.SchLib
Replace Part C? C in H:\Project\USB-SATA_Vl822+jms578\pcb\Core\ver0.1\Core\jms578.SchDoc with C from Capacitor.SchLib
Replace Part C? C in H:\Project\USB-SATA_Vl822+jms578\pcb\Core\ver0.1\Core\jms578.SchDoc with C from Capacitor.SchLib
Replace Part C? C in H:\Project\USB-SATA_Vl822+jms578\pcb\Core\ver0.1\Core\jms578.SchDoc with C from Capacitor.SchLib
Replace Part C? C in H:\Project\USB-SATA_Vl822+jms578\pcb\Core\ver0.1\Core\jms578.SchDoc with C from Capacitor.SchLib
Replace Part C? C in H:\Project\USB-SATA_Vl822+jms578\pcb\Core\ver0.1\Core\jms578.SchDoc with C from Capacitor.SchLib
Replace Part C? C in H:\Project\USB-SATA_Vl822+jms578\pcb\Core\ver0.1\Core\jms578.SchDoc with C from Capacitor.SchLib
Replace Part C? C in H:\Project\USB-SATA_Vl822+jms578\pcb\Core\ver0.1\Core\jms578.SchDoc with C from Capacitor.SchLib
Replace Part C? C in H:\Project\USB-SATA_Vl822+jms578\pcb\Core\ver0.1\Core\jms578.SchDoc with C from Capacitor.SchLib
Replace Part C? C in H:\Project\USB-SATA_Vl822+jms578\pcb\Core\ver0.1\Core\jms578.SchDoc with C from Capacitor.SchLib
Replace Part C? C in H:\Project\USB-SATA_Vl822+jms578\pcb\Core\ver0.1\Core\jms578.SchDoc with C from Capacitor.SchLib
Replace Part C? C in H:\Project\USB-SATA_Vl822+jms578\pcb\Core\ver0.1\Core\jms578.SchDoc with C from Capacitor.SchLib
Replace Part C? C in H:\Project\USB-SATA_Vl822+jms578\pcb\Core\ver0.1\Core\jms578.SchDoc with C from Capacitor.SchLib
Replace Part C? C in H:\Project\USB-SATA_Vl822+jms578\pcb\Core\ver0.1\Core\jms578.SchDoc with C from Capacitor.SchLib
Replace Part C? C in H:\Project\USB-SATA_Vl822+jms578\pcb\Core\ver0.1\Core\jms578.SchDoc with C from Capacitor.SchLib
Replace Part C? C in H:\Project\USB-SATA_Vl822+jms578\pcb\Core\ver0.1\Core\jms578.SchDoc with C from Capacitor.SchLib
Replace Part C? C in H:\Project\USB-SATA_Vl822+jms578\pcb\Core\ver0.1\Core\jms578.SchDoc with C from Capacitor.SchLib
Replace Part C? C in H:\Project\USB-SATA_Vl822+jms578\pcb\Core\ver0.1\Core\jms578.SchDoc with C from Capacitor.SchLib
Replace Part C? C in H:\Project\USB-SATA_Vl822+jms578\pcb\Core\ver0.1\Core\jms578.SchDoc with C from Capacitor.SchLib
Replace Part C? C in H:\Project\USB-SATA_Vl822+jms578\pcb\Core\ver0.1\Core\jms578.SchDoc with C from Capacitor.SchLib
Replace Part C? C in H:\Project\USB-SATA_Vl822+jms578\pcb\Core\ver0.1\Core\jms578.SchDoc with C from Capacitor.SchLib
Replace Part C? C in H:\Project\USB-SATA_Vl822+jms578\pcb\Core\ver0.1\Core\jms578.SchDoc with C from Capacitor.SchLib
Replace Part C? C in H:\Project\USB-SATA_Vl822+jms578\pcb\Core\ver0.1\Core\jms578.SchDoc with C from Capacitor.SchLib
Replace Part C? C in H:\Project\USB-SATA_Vl822+jms578\pcb\Core\ver0.1\Core\jms578.SchDoc with C from Capacitor.SchLib
Replace Part C? C in H:\Project\USB-SATA_Vl822+jms578\pcb\Core\ver0.1\Core\jms578.SchDoc with C from Capacitor.SchLib
Replace Part C? C in H:\Project\USB-SATA_Vl822+jms578\pcb\Core\ver0.1\Core\jms578.SchDoc with C from Capacitor.SchLib
Replace Part C? C in H:\Project\USB-SATA_Vl822+jms578\pcb\Core\ver0.1\Core\jms578.SchDoc with C from Capacitor.SchLib
Replace Part C? C in H:\Project\USB-SATA_Vl822+jms578\pcb\Core\ver0.1\Core\jms578.SchDoc with C from Capacitor.SchLib
Replace Part C? C in H:\Project\USB-SATA_Vl822+jms578\pcb\Core\ver0.1\Core\jms578.SchDoc with C from Capacitor.SchLib
Replace Part C? C in H:\Project\USB-SATA_Vl822+jms578\pcb\Core\ver0.1\Core\jms578.SchDoc with C from Capacitor.SchLib
Replace Part C? C in H:\Project\USB-SATA_Vl822+jms578\pcb\Core\ver0.1\Core\jms578.SchDoc with C from Capacitor.SchLib
Replace Part C? C in H:\Project\USB-SATA_Vl822+jms578\pcb\Core\ver0.1\Core\jms578.SchDoc with C from Capacitor.SchLib
Replace Part C? C in H:\Project\USB-SATA_Vl822+jms578\pcb\Core\ver0.1\Core\jms578.SchDoc with C from Capacitor.SchLib
Replace Part C? C in H:\Project\USB-SATA_Vl822+jms578\pcb\Core\ver0.1\Core\jms578.SchDoc with C from Capacitor.SchLib
Replace Part C? C in H:\Project\USB-SATA_Vl822+jms578\pcb\Core\ver0.1\Core\jms578.SchDoc with C from Capacitor.SchLib
Replace Part C? C in H:\Project\USB-SATA_Vl822+jms578\pcb\Core\ver0.1\Core\jms578.SchDoc with C from Capacitor.SchLib
Replace Part C? C in H:\Project\USB-SATA_Vl822+jms578\pcb\Core\ver0.1\Core\jms578.SchDoc with C from Capacitor.SchLib
Replace Part C? C in H:\Project\USB-SATA_Vl822+jms578\pcb\Core\ver0.1\Core\jms578.SchDoc with C from Capacitor.SchLib
Replace Part C? C in H:\Project\USB-SATA_Vl822+jms578\pcb\Core\ver0.1\Core\jms578.SchDoc with C from Capacitor.SchLib
Replace Part C? C in H:\Project\USB-SATA_Vl822+jms578\pcb\Core\ver0.1\Core\jms578.SchDoc with C from Capacitor.SchLib
Replace Part C? C in H:\Project\USB-SATA_Vl822+jms578\pcb\Core\ver0.1\Core\jms578.SchDoc with C from Capacitor.SchLib
Replace Part C? C in H:\Project\USB-SATA_Vl822+jms578\pcb\Core\ver0.1\Core\jms578.SchDoc with C from Capacitor.SchLib
Replace Part C? C in H:\Project\USB-SATA_Vl822+jms578\pcb\Core\ver0.1\Core\jms578.SchDoc with C from Capacitor.SchLib
Replace Part C? C in H:\Project\USB-SATA_Vl822+jms578\pcb\Core\ver0.1\Core\jms578.SchDoc with C from Capacitor.SchLib
Replace Part C? C in H:\Project\USB-SATA_Vl822+jms578\pcb\Core\ver0.1\Core\jms578.SchDoc with C from Capacitor.SchLib
Replace Part C? C in H:\Project\USB-SATA_Vl822+jms578\pcb\Core\ver0.1\Core\jms578.SchDoc with C from Capacitor.SchLib
Replace Part C? C in H:\Project\USB-SATA_Vl822+jms578\pcb\Core\ver0.1\Core\jms578.SchDoc with C from Capacitor.SchLib
Replace Part C? C in H:\Project\USB-SATA_Vl822+jms578\pcb\Core\ver0.1\Core\jms578.SchDoc with C from Capacitor.SchLib
Replace Part C? C in H:\Project\USB-SATA_Vl822+jms578\pcb\Core\ver0.1\Core\jms578.SchDoc with C from Capacitor.SchLib
Replace Part C? C in H:\Project\USB-SATA_Vl822+jms578\pcb\Core\ver0.1\Core\jms578.SchDoc with C from Capacitor.SchLib
Replace Part C? C in H:\Project\USB-SATA_Vl822+jms578\pcb\Core\ver0.1\Core\jms578.SchDoc with C from Capacitor.SchLib
Replace Part C? C in H:\Project\USB-SATA_Vl822+jms578\pcb\Core\ver0.1\Core\jms578.SchDoc with C from Capacitor.SchLib
Replace Part C? C in H:\Project\USB-SATA_Vl822+jms578\pcb\Core\ver0.1\Core\jms578.SchDoc with C from Capacitor.SchLib
Replace Part C? C in H:\Project\USB-SATA_Vl822+jms578\pcb\Core\ver0.1\Core\jms578.SchDoc with C from Capacitor.SchLib
Replace Part C? C in H:\Project\USB-SATA_Vl822+jms578\pcb\Core\ver0.1\Core\jms578.SchDoc with C from Capacitor.SchLib
Replace Part C? C in H:\Project\USB-SATA_Vl822+jms578\pcb\Core\ver0.1\Core\jms578.SchDoc with C from Capacitor.SchLib
Replace Part C? C in H:\Project\USB-SATA_Vl822+jms578\pcb\Core\ver0.1\Core\jms578.SchDoc with C from Capacitor.SchLib
Replace Part C? C in H:\Project\USB-SATA_Vl822+jms578\pcb\Core\ver0.1\Core\jms578.SchDoc with C from Capacitor.SchLib
Replace Part C? C in H:\Project\USB-SATA_Vl822+jms578\pcb\Core\ver0.1\Core\jms578.SchDoc with C from Capacitor.SchLib
Replace Part C? C in H:\Project\USB-SATA_Vl822+jms578\pcb\Core\ver0.1\Core\jms578.SchDoc with C from Capacitor.SchLib
Replace Part C? C in H:\Project\USB-SATA_Vl822+jms578\pcb\Core\ver0.1\Core\jms578.SchDoc with C from Capacitor.SchLib
Replace Part C? C in H:\Project\USB-SATA_Vl822+jms578\pcb\Core\ver0.1\Core\jms578.SchDoc with C from Capacitor.SchLib
Replace Part C? C in H:\Project\USB-SATA_Vl822+jms578\pcb\Core\ver0.1\Core\jms578.SchDoc with C from Capacitor.SchLib
Replace Part C? C in H:\Project\USB-SATA_Vl822+jms578\pcb\Core\ver0.1\Core\jms578.SchDoc with C from Capacitor.SchLib
Replace Part C? C in H:\Project\USB-SATA_Vl822+jms578\pcb\Core\ver0.1\Core\jms578.SchDoc with C from Capacitor.SchLib
Replace Part C? C in H:\Project\USB-SATA_Vl822+jms578\pcb\Core\ver0.1\Core\jms578.SchDoc with C from Capacitor.SchLib
Replace Part C? C in H:\Project\USB-SATA_Vl822+jms578\pcb\Core\ver0.1\Core\jms578.SchDoc with C from Capacitor.SchLib
Replace Part C? C in H:\Project\USB-SATA_Vl822+jms578\pcb\Core\ver0.1\Core\jms578.SchDoc with C from Capacitor.SchLib
Replace Part C? C in H:\Project\USB-SATA_Vl822+jms578\pcb\Core\ver0.1\Core\jms578.SchDoc with C from Capacitor.SchLib
Replace Part C? C in H:\Project\USB-SATA_Vl822+jms578\pcb\Core\ver0.1\Core\jms578.SchDoc with C from Capacitor.SchLib
Replace Part C? C in H:\Project\USB-SATA_Vl822+jms578\pcb\Core\ver0.1\Core\jms578.SchDoc with C from Capacitor.SchLib
Replace Part C? C in H:\Project\USB-SATA_Vl822+jms578\pcb\Core\ver0.1\Core\jms578.SchDoc with C from Capacitor.SchLib
Replace Part C? C in H:\Project\USB-SATA_Vl822+jms578\pcb\Core\ver0.1\Core\jms578.SchDoc with C from Capacitor.SchLib
Replace Part C? C in H:\Project\USB-SATA_Vl822+jms578\pcb\Core\ver0.1\Core\jms578.SchDoc with C from Capacitor.SchLib
Replace Part C? C in H:\Project\USB-SATA_Vl822+jms578\pcb\Core\ver0.1\Core\jms578.SchDoc with C from Capacitor.SchLib
Replace Part C? C in H:\Project\USB-SATA_Vl822+jms578\pcb\Core\ver0.1\Core\jms578.SchDoc with C from Capacitor.SchLib
Replace Part C? C in H:\Project\USB-SATA_Vl822+jms578\pcb\Core\ver0.1\Core\jms578.SchDoc with C from Capacitor.SchLib
Replace Part C? C in H:\Project\USB-SATA_Vl822+jms578\pcb\Core\ver0.1\Core\jms578.SchDoc with C from Capacitor.SchLib
Replace Part C? C in H:\Project\USB-SATA_Vl822+jms578\pcb\Core\ver0.1\Core\jms578.SchDoc with C from Capacitor.SchLib
Replace Part C? C in H:\Project\USB-SATA_Vl822+jms578\pcb\Core\ver0.1\Core\jms578.SchDoc with C from Capacitor.SchLib
Replace Part C? C in H:\Project\USB-SATA_Vl822+jms578\pcb\Core\ver0.1\Core\jms578.SchDoc with C from Capacitor.SchLib
Replace Part C? C in H:\Project\USB-SATA_Vl822+jms578\pcb\Core\ver0.1\Core\jms578.SchDoc with C from Capacitor.SchLib
Replace Part C? C in H:\Project\USB-SATA_Vl822+jms578\pcb\Core\ver0.1\Core\jms578.SchDoc with C from Capacitor.SchLib
Replace Part C? C in H:\Project\USB-SATA_Vl822+jms578\pcb\Core\ver0.1\Core\jms578.SchDoc with C from Capacitor.SchLib
Replace Part L? L in H:\Project\USB-SATA_Vl822+jms578\pcb\Core\ver0.1\Core\jms578.SchDoc with L from Inductor.SchLib
Replace Part L? L in H:\Project\USB-SATA_Vl822+jms578\pcb\Core\ver0.1\Core\jms578.SchDoc with L from Inductor.SchLib
Replace Part L? L in H:\Project\USB-SATA_Vl822+jms578\pcb\Core\ver0.1\Core\jms578.SchDoc with L from Inductor.SchLib
Replace Part L? L in H:\Project\USB-SATA_Vl822+jms578\pcb\Core\ver0.1\Core\jms578.SchDoc with L from Inductor.SchLib
Replace Part R? R in H:\Project\USB-SATA_Vl822+jms578\pcb\Core\ver0.1\Core\jms578.SchDoc with R from Resistor.SchLib
Replace Part R? R in H:\Project\USB-SATA_Vl822+jms578\pcb\Core\ver0.1\Core\jms578.SchDoc with R from Resistor.SchLib
Replace Part R? R in H:\Project\USB-SATA_Vl822+jms578\pcb\Core\ver0.1\Core\jms578.SchDoc with R from Resistor.SchLib
Replace Part R? R in H:\Project\USB-SATA_Vl822+jms578\pcb\Core\ver0.1\Core\jms578.SchDoc with R from Resistor.SchLib
Replace Part R? R in H:\Project\USB-SATA_Vl822+jms578\pcb\Core\ver0.1\Core\jms578.SchDoc with R from Resistor.SchLib
Replace Part R? R in H:\Project\USB-SATA_Vl822+jms578\pcb\Core\ver0.1\Core\jms578.SchDoc with R from Resistor.SchLib
Replace Part R? R in H:\Project\USB-SATA_Vl822+jms578\pcb\Core\ver0.1\Core\jms578.SchDoc with R from Resistor.SchLib
Replace Part R? R in H:\Project\USB-SATA_Vl822+jms578\pcb\Core\ver0.1\Core\jms578.SchDoc with R from Resistor.SchLib
Replace Part R? R in H:\Project\USB-SATA_Vl822+jms578\pcb\Core\ver0.1\Core\jms578.SchDoc with R from Resistor.SchLib
Replace Part R? R in H:\Project\USB-SATA_Vl822+jms578\pcb\Core\ver0.1\Core\jms578.SchDoc with R from Resistor.SchLib
Replace Part R? R in H:\Project\USB-SATA_Vl822+jms578\pcb\Core\ver0.1\Core\jms578.SchDoc with R from Resistor.SchLib
Replace Part R? R in H:\Project\USB-SATA_Vl822+jms578\pcb\Core\ver0.1\Core\jms578.SchDoc with R from Resistor.SchLib
Replace Part R? R in H:\Project\USB-SATA_Vl822+jms578\pcb\Core\ver0.1\Core\jms578.SchDoc with R from Resistor.SchLib
Replace Part R? R in H:\Project\USB-SATA_Vl822+jms578\pcb\Core\ver0.1\Core\jms578.SchDoc with R from Resistor.SchLib
Replace Part R? R in H:\Project\USB-SATA_Vl822+jms578\pcb\Core\ver0.1\Core\jms578.SchDoc with R from Resistor.SchLib
Replace Part R? R in H:\Project\USB-SATA_Vl822+jms578\pcb\Core\ver0.1\Core\jms578.SchDoc with R from Resistor.SchLib
Replace Part U? P25D40H in H:\Project\USB-SATA_Vl822+jms578\pcb\Core\ver0.1\Core\jms578.SchDoc with P25D40H from Flash.SchLib
Replace Part U? JMS578 in H:\Project\USB-SATA_Vl822+jms578\pcb\Core\ver0.1\Core\jms578.SchDoc with JMS578 from Brage.SchLib
Replace Part U? JMS578 in H:\Project\USB-SATA_Vl822+jms578\pcb\Core\ver0.1\Core\jms578.SchDoc with JMS578 from Brage.SchLib
Replace Part U? P25D40H in H:\Project\USB-SATA_Vl822+jms578\pcb\Core\ver0.1\Core\jms578.SchDoc with P25D40H from Flash.SchLib
Replace Part U? JMS578 in H:\Project\USB-SATA_Vl822+jms578\pcb\Core\ver0.1\Core\jms578.SchDoc with JMS578 from Brage.SchLib
Replace Part U? P25D40H in H:\Project\USB-SATA_Vl822+jms578\pcb\Core\ver0.1\Core\jms578.SchDoc with P25D40H from Flash.SchLib
Replace Part U? JMS578 in H:\Project\USB-SATA_Vl822+jms578\pcb\Core\ver0.1\Core\jms578.SchDoc with JMS578 from Brage.SchLib
Replace Part U? P25D40H in H:\Project\USB-SATA_Vl822+jms578\pcb\Core\ver0.1\Core\jms578.SchDoc with P25D40H from Flash.SchLib
Replace Part Y? Crystal in H:\Project\USB-SATA_Vl822+jms578\pcb\Core\ver0.1\Core\jms578.SchDoc with Crystal from Crystal.SchLib
Replace Part Y? Crystal in H:\Project\USB-SATA_Vl822+jms578\pcb\Core\ver0.1\Core\jms578.SchDoc with Crystal from Crystal.SchLib
Replace Part Y? Crystal in H:\Project\USB-SATA_Vl822+jms578\pcb\Core\ver0.1\Core\jms578.SchDoc with Crystal from Crystal.SchLib
Replace Part Y? Crystal in H:\Project\USB-SATA_Vl822+jms578\pcb\Core\ver0.1\Core\jms578.SchDoc with Crystal from Crystal.SchLib
