Added Component: Designator=U13(QFN-76_L9.0-W9.0-P0.40-EP6.3-TL)
Added Pin To Net: NetName=NetR47_1 Pin=U13-1
Added Pin To Net: NetName=NetC132_2 Pin=U13-3
Added Pin To Net: NetName=NetC133_2 Pin=U13-4
Added Pin To Net: NetName=VCC1V0 Pin=U13-5
Added Pin To Net: NetName=SSRX1P Pin=U13-6
Added Pin To Net: NetName=SSRX1N Pin=U13-7
Added Pin To Net: NetName=VCC1V0 Pin=U13-8
Added Pin To Net: NetName=HSD1P Pin=U13-9
Added Pin To Net: NetName=HSD1N Pin=U13-10
Added Pin To Net: NetName=VCC1V0 Pin=U13-11
Added Pin To Net: NetName=NetC136_2 Pin=U13-12
Added Pin To Net: NetName=NetC137_2 Pin=U13-13
Added Pin To Net: NetName=VCC1V0 Pin=U13-14
Added Pin To Net: NetName=SSRX2P Pin=U13-15
Added Pin To Net: NetName=SSRX2N Pin=U13-16
Added Pin To Net: NetName=VCC3V3 Pin=U13-17
Added Pin To Net: NetName=HSD2P Pin=U13-18
Added Pin To Net: NetName=HSD2N Pin=U13-19
Added Pin To Net: NetName=NetR55_1 Pin=U13-20
Added Pin To Net: NetName=HSD3P Pin=U13-22
Added Pin To Net: NetName=HSD3N Pin=U13-23
Added Pin To Net: NetName=VCC3V3 Pin=U13-24
Added Pin To Net: NetName=NetC138_2 Pin=U13-25
Added Pin To Net: NetName=NetC139_2 Pin=U13-26
Added Pin To Net: NetName=VCC1V0 Pin=U13-27
Added Pin To Net: NetName=SSRX3P Pin=U13-28
Added Pin To Net: NetName=SSRX3N Pin=U13-29
Added Pin To Net: NetName=VCC1V0 Pin=U13-30
Added Pin To Net: NetName=NetC140_2 Pin=U13-31
Added Pin To Net: NetName=NetC141_2 Pin=U13-32
Added Pin To Net: NetName=VCC1V0 Pin=U13-33
Added Pin To Net: NetName=SSRX4P Pin=U13-34
Added Pin To Net: NetName=SSRX4N Pin=U13-35
Added Pin To Net: NetName=VCC1V0 Pin=U13-36
Added Pin To Net: NetName=HSD4P Pin=U13-37
Added Pin To Net: NetName=HSD4N Pin=U13-38
Added Pin To Net: NetName=NetR54_1 Pin=U13-40
Added Pin To Net: NetName=NetR52_1 Pin=U13-41
Added Pin To Net: NetName=NetR51_1 Pin=U13-43
Added Pin To Net: NetName=XOUT Pin=U13-44
Added Pin To Net: NetName=XIN Pin=U13-45
Added Pin To Net: NetName=VCC3V3 Pin=U13-46
Added Pin To Net: NetName=NetR49_1 Pin=U13-47
Added Pin To Net: NetName=VCC1V0 Pin=U13-48
Added Pin To Net: NetName=NetC135_2 Pin=U13-49
Added Pin To Net: NetName=NetC134_2 Pin=U13-50
Added Pin To Net: NetName=VCC1V0 Pin=U13-51
Added Pin To Net: NetName=SSRXN Pin=U13-52
Added Pin To Net: NetName=SSRXP Pin=U13-53
Added Pin To Net: NetName=VCC1V0 Pin=U13-54
Added Pin To Net: NetName=USBDP Pin=U13-55
Added Pin To Net: NetName=USBDN Pin=U13-56
Added Pin To Net: NetName=VCC3V3 Pin=U13-62
Added Pin To Net: NetName=NetR42_1 Pin=U13-65
Added Pin To Net: NetName=NetR41_1 Pin=U13-66
Added Pin To Net: NetName=VCC1V0 Pin=U13-67
Added Pin To Net: NetName=NetC131_1 Pin=U13-68
Added Pin To Net: NetName=LED1 Pin=U13-69
Added Pin To Net: NetName=LED1 Pin=U13-70
Added Pin To Net: NetName=LED1 Pin=U13-71
Added Pin To Net: NetName=LED1 Pin=U13-72
Added Pin To Net: NetName=VCC3V3 Pin=U13-73
Added Pin To Net: NetName=NetR44_1 Pin=U13-74
Added Pin To Net: NetName=NetR43_1 Pin=U13-75
Added Pin To Net: NetName=GND Pin=U13-77
Added Member To Class: ClassName=Vl822 Member=Component U13 VL822 Q7
