Added Component: Designator=U3(USON-8_L1.5-W1.5-P0.40-BL-EP)
Added Component: Designator=U4(USON-8_L1.5-W1.5-P0.40-BL-EP)
Added Component: Designator=U7(USON-8_L1.5-W1.5-P0.40-BL-EP)
Added Component: Designator=U8(USON-8_L1.5-W1.5-P0.40-BL-EP)
Added Pin To Net: NetName=GPIO3-A Pin=U3-1
Added Pin To Net: NetName=GPIO0-A Pin=U3-2
Added Pin To Net: NetName=VCC3V3-A Pin=U3-3
Added Pin To Net: NetName=GND Pin=U3-4
Added Pin To Net: NetName=GPIO2-A Pin=U3-5
Added Pin To Net: NetName=GPIO1-A Pin=U3-6
Added Pin To Net: NetName=VCC3V3-A Pin=U3-7
Added Pin To Net: NetName=VCC3V3-A Pin=U3-8
Added Pin To Net: NetName=GPIO3-B Pin=U4-1
Added Pin To Net: NetName=GPIO0-B Pin=U4-2
Added Pin To Net: NetName=VCC3V3-B Pin=U4-3
Added Pin To Net: NetName=GND Pin=U4-4
Added Pin To Net: NetName=GPIO2-B Pin=U4-5
Added Pin To Net: NetName=GPIO1-B Pin=U4-6
Added Pin To Net: NetName=VCC3V3-B Pin=U4-7
Added Pin To Net: NetName=VCC3V3-B Pin=U4-8
Added Pin To Net: NetName=GPIO3-C Pin=U7-1
Added Pin To Net: NetName=GPIO0-C Pin=U7-2
Added Pin To Net: NetName=VCC3V3-C Pin=U7-3
Added Pin To Net: NetName=GND Pin=U7-4
Added Pin To Net: NetName=GPIO2-C Pin=U7-5
Added Pin To Net: NetName=GPIO1-C Pin=U7-6
Added Pin To Net: NetName=VCC3V3-C Pin=U7-7
Added Pin To Net: NetName=VCC3V3-C Pin=U7-8
Added Pin To Net: NetName=GPIO3-D Pin=U8-1
Added Pin To Net: NetName=GPIO0-D Pin=U8-2
Added Pin To Net: NetName=VCC3V3-D Pin=U8-3
Added Pin To Net: NetName=GND Pin=U8-4
Added Pin To Net: NetName=GPIO2-D Pin=U8-5
Added Pin To Net: NetName=GPIO1-D Pin=U8-6
Added Pin To Net: NetName=VCC3V3-D Pin=U8-7
Added Pin To Net: NetName=VCC3V3-D Pin=U8-8
Add Pin To Net: Unknown Pin: Pin U12-2
Add Pin To Net: Unknown Pin: Pin U12-3
Add Pin To Net: Unknown Pin: Pin U12-4
Add Pin To Net: Unknown Pin: Pin U12-5
Add Pin To Net: Unknown Pin: Pin U12-6
Add Pin To Net: Unknown Pin: Pin U12-7
Add Pin To Net: Unknown Pin: Pin U12-8
Add Pin To Net: Unknown Pin: Pin U12-9
Add Pin To Net: Unknown Pin: Pin U12-10
Add Pin To Net: Unknown Pin: Pin U12-13
Add Pin To Net: Unknown Pin: Pin U12-17
Add Pin To Net: Unknown Pin: Pin U12-18
Add Pin To Net: Unknown Pin: Pin U12-19
Add Pin To Net: Unknown Pin: Pin U12-20
Add Pin To Net: Unknown Pin: Pin U12-21
Add Pin To Net: Unknown Pin: Pin U12-23
Add Pin To Net: Unknown Pin: Pin U12-24
Add Pin To Net: Unknown Pin: Pin U12-25
Add Pin To Net: Unknown Pin: Pin U12-26
Add Pin To Net: Unknown Pin: Pin U12-27
Add Pin To Net: Unknown Pin: Pin U12-28
Add Pin To Net: Unknown Pin: Pin U12-29
Add Pin To Net: Unknown Pin: Pin U13-1
Add Pin To Net: Unknown Pin: Pin U13-3
Add Pin To Net: Unknown Pin: Pin U13-4
Add Pin To Net: Unknown Pin: Pin U13-5
Add Pin To Net: Unknown Pin: Pin U13-6
Add Pin To Net: Unknown Pin: Pin U13-7
Add Pin To Net: Unknown Pin: Pin U13-8
Add Pin To Net: Unknown Pin: Pin U13-9
Add Pin To Net: Unknown Pin: Pin U13-10
Add Pin To Net: Unknown Pin: Pin U13-11
Add Pin To Net: Unknown Pin: Pin U13-12
Add Pin To Net: Unknown Pin: Pin U13-13
Add Pin To Net: Unknown Pin: Pin U13-14
Add Pin To Net: Unknown Pin: Pin U13-15
Add Pin To Net: Unknown Pin: Pin U13-16
Add Pin To Net: Unknown Pin: Pin U13-17
Add Pin To Net: Unknown Pin: Pin U13-18
Add Pin To Net: Unknown Pin: Pin U13-19
Add Pin To Net: Unknown Pin: Pin U13-20
Add Pin To Net: Unknown Pin: Pin U13-22
Add Pin To Net: Unknown Pin: Pin U13-23
Add Pin To Net: Unknown Pin: Pin U13-24
Add Pin To Net: Unknown Pin: Pin U13-25
Add Pin To Net: Unknown Pin: Pin U13-26
Add Pin To Net: Unknown Pin: Pin U13-27
Add Pin To Net: Unknown Pin: Pin U13-28
Add Pin To Net: Unknown Pin: Pin U13-29
Add Pin To Net: Unknown Pin: Pin U13-30
Add Pin To Net: Unknown Pin: Pin U13-31
Add Pin To Net: Unknown Pin: Pin U13-32
Add Pin To Net: Unknown Pin: Pin U13-33
Add Pin To Net: Unknown Pin: Pin U13-34
Add Pin To Net: Unknown Pin: Pin U13-35
Add Pin To Net: Unknown Pin: Pin U13-36
Add Pin To Net: Unknown Pin: Pin U13-37
Add Pin To Net: Unknown Pin: Pin U13-38
Add Pin To Net: Unknown Pin: Pin U13-40
Add Pin To Net: Unknown Pin: Pin U13-41
Add Pin To Net: Unknown Pin: Pin U13-43
Add Pin To Net: Unknown Pin: Pin U13-44
Add Pin To Net: Unknown Pin: Pin U13-45
Add Pin To Net: Unknown Pin: Pin U13-46
Add Pin To Net: Unknown Pin: Pin U13-47
Add Pin To Net: Unknown Pin: Pin U13-48
Add Pin To Net: Unknown Pin: Pin U13-49
Add Pin To Net: Unknown Pin: Pin U13-50
Add Pin To Net: Unknown Pin: Pin U13-51
Add Pin To Net: Unknown Pin: Pin U13-52
Add Pin To Net: Unknown Pin: Pin U13-53
Add Pin To Net: Unknown Pin: Pin U13-54
Add Pin To Net: Unknown Pin: Pin U13-55
Add Pin To Net: Unknown Pin: Pin U13-56
Add Pin To Net: Unknown Pin: Pin U13-62
Add Pin To Net: Unknown Pin: Pin U13-65
Add Pin To Net: Unknown Pin: Pin U13-66
Add Pin To Net: Unknown Pin: Pin U13-67
Add Pin To Net: Unknown Pin: Pin U13-68
Add Pin To Net: Unknown Pin: Pin U13-69
Add Pin To Net: Unknown Pin: Pin U13-70
Add Pin To Net: Unknown Pin: Pin U13-71
Add Pin To Net: Unknown Pin: Pin U13-72
Add Pin To Net: Unknown Pin: Pin U13-73
Add Pin To Net: Unknown Pin: Pin U13-74
Add Pin To Net: Unknown Pin: Pin U13-75
Add Pin To Net: Unknown Pin: Pin U13-77
Added Member To Class: ClassName=jms578 Member=Component U3 P25Q21H
Added Member To Class: ClassName=jms578 Member=Component U4 P25Q21H
Added Member To Class: ClassName=jms578 Member=Component U7 P25Q21H
Added Member To Class: ClassName=jms578 Member=Component U8 P25Q21H
Add Class Member: Failed to add class member : Component U12 VL160
Add Class Member: Failed to add class member : Component U13 VL822 Q7
