Added Component: Designator=J1(SATA 15P Ƭ)
Added Component: Designator=J2(SATA 15P Ƭ)
Added Component: Designator=J4(SATA 15P Ƭ)
Added Component: Designator=J5(SATA 15P Ƭ)
Added Pin To Net: NetName=HOT1 Pin=J1-P4
Added Pin To Net: NetName=GND Pin=J1-P5
Added Pin To Net: NetName=GND Pin=J1-P6
Added Pin To Net: NetName=VCC5V-A Pin=J1-P7
Added Pin To Net: NetName=VCC5V-A Pin=J1-P8
Added Pin To Net: NetName=VCC5V-A Pin=J1-P9
Added Pin To Net: NetName=GND Pin=J1-P10
Added Pin To Net: NetName=DAS1 Pin=J1-P11
Added Pin To Net: NetName=GND Pin=J1-P12
Added Pin To Net: NetName=VCC12V Pin=J1-P13
Added Pin To Net: NetName=VCC12V Pin=J1-P14
Added Pin To Net: NetName=VCC12V Pin=J1-P15
Added Pin To Net: NetName=GND Pin=J1-S1
Added Pin To Net: NetName=NetC1_1 Pin=J1-S2
Added Pin To Net: NetName=NetC3_1 Pin=J1-S3
Added Pin To Net: NetName=GND Pin=J1-S4
Added Pin To Net: NetName=NetC5_1 Pin=J1-S5
Added Pin To Net: NetName=NetC7_1 Pin=J1-S6
Added Pin To Net: NetName=GND Pin=J1-S7
Added Pin To Net: NetName=HOT2 Pin=J2-P4
Added Pin To Net: NetName=GND Pin=J2-P5
Added Pin To Net: NetName=GND Pin=J2-P6
Added Pin To Net: NetName=VCC5V-A Pin=J2-P7
Added Pin To Net: NetName=VCC5V-A Pin=J2-P8
Added Pin To Net: NetName=VCC5V-A Pin=J2-P9
Added Pin To Net: NetName=GND Pin=J2-P10
Added Pin To Net: NetName=DAS1 Pin=J2-P11
Added Pin To Net: NetName=GND Pin=J2-P12
Added Pin To Net: NetName=VCC12V Pin=J2-P13
Added Pin To Net: NetName=VCC12V Pin=J2-P14
Added Pin To Net: NetName=VCC12V Pin=J2-P15
Added Pin To Net: NetName=GND Pin=J2-S1
Added Pin To Net: NetName=NetC2_1 Pin=J2-S2
Added Pin To Net: NetName=NetC4_1 Pin=J2-S3
Added Pin To Net: NetName=GND Pin=J2-S4
Added Pin To Net: NetName=NetC6_1 Pin=J2-S5
Added Pin To Net: NetName=NetC8_1 Pin=J2-S6
Added Pin To Net: NetName=GND Pin=J2-S7
Added Pin To Net: NetName=HOT3 Pin=J4-P4
Added Pin To Net: NetName=GND Pin=J4-P5
Added Pin To Net: NetName=GND Pin=J4-P6
Added Pin To Net: NetName=VCC5V-B Pin=J4-P7
Added Pin To Net: NetName=VCC5V-B Pin=J4-P8
Added Pin To Net: NetName=VCC5V-B Pin=J4-P9
Added Pin To Net: NetName=GND Pin=J4-P10
Added Pin To Net: NetName=DAS3 Pin=J4-P11
Added Pin To Net: NetName=GND Pin=J4-P12
Added Pin To Net: NetName=VCC12V Pin=J4-P13
Added Pin To Net: NetName=VCC12V Pin=J4-P14
Added Pin To Net: NetName=VCC12V Pin=J4-P15
Added Pin To Net: NetName=GND Pin=J4-S1
Added Pin To Net: NetName=NetC9_1 Pin=J4-S2
Added Pin To Net: NetName=NetC11_1 Pin=J4-S3
Added Pin To Net: NetName=GND Pin=J4-S4
Added Pin To Net: NetName=NetC13_1 Pin=J4-S5
Added Pin To Net: NetName=NetC15_1 Pin=J4-S6
Added Pin To Net: NetName=GND Pin=J4-S7
Added Pin To Net: NetName=HOT4 Pin=J5-P4
Added Pin To Net: NetName=GND Pin=J5-P5
Added Pin To Net: NetName=GND Pin=J5-P6
Added Pin To Net: NetName=VCC5V-B Pin=J5-P7
Added Pin To Net: NetName=VCC5V-B Pin=J5-P8
Added Pin To Net: NetName=VCC5V-B Pin=J5-P9
Added Pin To Net: NetName=GND Pin=J5-P10
Added Pin To Net: NetName=DAS4 Pin=J5-P11
Added Pin To Net: NetName=GND Pin=J5-P12
Added Pin To Net: NetName=VCC12V Pin=J5-P13
Added Pin To Net: NetName=VCC12V Pin=J5-P14
Added Pin To Net: NetName=VCC12V Pin=J5-P15
Added Pin To Net: NetName=GND Pin=J5-S1
Added Pin To Net: NetName=NetC10_1 Pin=J5-S2
Added Pin To Net: NetName=NetC12_1 Pin=J5-S3
Added Pin To Net: NetName=GND Pin=J5-S4
Added Pin To Net: NetName=NetC14_1 Pin=J5-S5
Added Pin To Net: NetName=NetC16_1 Pin=J5-S6
Added Pin To Net: NetName=GND Pin=J5-S7
Add Pin To Net: Unknown Pin: Pin U9-1
Add Pin To Net: Unknown Pin: Pin U9-2
Add Pin To Net: Unknown Pin: Pin U9-3
Add Pin To Net: Unknown Pin: Pin U9-4
Add Pin To Net: Unknown Pin: Pin U9-5
Add Pin To Net: Unknown Pin: Pin U9-6
Add Pin To Net: Unknown Pin: Pin U9-7
Add Pin To Net: Unknown Pin: Pin U9-8
Add Pin To Net: Unknown Pin: Pin U9-9
Add Pin To Net: Unknown Pin: Pin U10-1
Add Pin To Net: Unknown Pin: Pin U10-2
Add Pin To Net: Unknown Pin: Pin U10-3
Add Pin To Net: Unknown Pin: Pin U10-4
Add Pin To Net: Unknown Pin: Pin U10-5
Add Pin To Net: Unknown Pin: Pin U10-6
Add Pin To Net: Unknown Pin: Pin U10-7
Add Pin To Net: Unknown Pin: Pin U10-8
Add Pin To Net: Unknown Pin: Pin U10-9
Add Pin To Net: Unknown Pin: Pin Y1-1
Add Pin To Net: Unknown Pin: Pin Y1-2
Add Pin To Net: Unknown Pin: Pin Y1-3
Add Pin To Net: Unknown Pin: Pin Y1-4
Add Pin To Net: Unknown Pin: Pin Y2-1
Add Pin To Net: Unknown Pin: Pin Y2-2
Add Pin To Net: Unknown Pin: Pin Y2-3
Add Pin To Net: Unknown Pin: Pin Y2-4
Add Pin To Net: Unknown Pin: Pin Y3-1
Add Pin To Net: Unknown Pin: Pin Y3-2
Add Pin To Net: Unknown Pin: Pin Y3-3
Add Pin To Net: Unknown Pin: Pin Y3-4
Add Pin To Net: Unknown Pin: Pin Y4-1
Add Pin To Net: Unknown Pin: Pin Y4-2
Add Pin To Net: Unknown Pin: Pin Y4-3
Add Pin To Net: Unknown Pin: Pin Y4-4
Add Pin To Net: Unknown Pin: Pin Y5-1
Add Pin To Net: Unknown Pin: Pin Y5-2
Add Pin To Net: Unknown Pin: Pin Y5-3
Add Pin To Net: Unknown Pin: Pin Y5-4
Added Member To Class: ClassName=Connector Member=Component J1 SATA15P
Added Member To Class: ClassName=Connector Member=Component J2 SATA15P
Added Member To Class: ClassName=Connector Member=Component J4 SATA15P
Added Member To Class: ClassName=Connector Member=Component J5 SATA15P
Add Class Member: Failed to add class member : Component U9 TPS54335A
Add Class Member: Failed to add class member : Component U10 TPS54335A
Add Class Member: Failed to add class member : Component Y1 30Mhz
Add Class Member: Failed to add class member : Component Y2 30Mhz
Add Class Member: Failed to add class member : Component Y3 30Mhz
Add Class Member: Failed to add class member : Component Y4 30Mhz
Add Class Member: Failed to add class member : Component Y5 25Mhz
