Replace Part C? C in H:\Project\USB-SATA_Vl822+jms578\pcb\Core\ver0.1\Core\Vl822.SchDoc with C from Capacitor.SchLib
Replace Part C? C in H:\Project\USB-SATA_Vl822+jms578\pcb\Core\ver0.1\Core\Vl822.SchDoc with C from Capacitor.SchLib
Replace Part C? C in H:\Project\USB-SATA_Vl822+jms578\pcb\Core\ver0.1\Core\Vl822.SchDoc with C from Capacitor.SchLib
Replace Part C? C in H:\Project\USB-SATA_Vl822+jms578\pcb\Core\ver0.1\Core\Vl822.SchDoc with C from Capacitor.SchLib
Replace Part C? C in H:\Project\USB-SATA_Vl822+jms578\pcb\Core\ver0.1\Core\Vl822.SchDoc with C from Capacitor.SchLib
Replace Part C? C in H:\Project\USB-SATA_Vl822+jms578\pcb\Core\ver0.1\Core\Vl822.SchDoc with C from Capacitor.SchLib
Replace Part C? C in H:\Project\USB-SATA_Vl822+jms578\pcb\Core\ver0.1\Core\Vl822.SchDoc with C from Capacitor.SchLib
Replace Part C? C in H:\Project\USB-SATA_Vl822+jms578\pcb\Core\ver0.1\Core\Vl822.SchDoc with C from Capacitor.SchLib
Replace Part C? C in H:\Project\USB-SATA_Vl822+jms578\pcb\Core\ver0.1\Core\Vl822.SchDoc with C from Capacitor.SchLib
Replace Part C? C in H:\Project\USB-SATA_Vl822+jms578\pcb\Core\ver0.1\Core\Vl822.SchDoc with C from Capacitor.SchLib
Replace Part C? C in H:\Project\USB-SATA_Vl822+jms578\pcb\Core\ver0.1\Core\Vl822.SchDoc with C from Capacitor.SchLib
Replace Part C? C in H:\Project\USB-SATA_Vl822+jms578\pcb\Core\ver0.1\Core\Vl822.SchDoc with C from Capacitor.SchLib
Replace Part C? C in H:\Project\USB-SATA_Vl822+jms578\pcb\Core\ver0.1\Core\Vl822.SchDoc with C from Capacitor.SchLib
Replace Part C? C in H:\Project\USB-SATA_Vl822+jms578\pcb\Core\ver0.1\Core\Vl822.SchDoc with C from Capacitor.SchLib
Replace Part C? C in H:\Project\USB-SATA_Vl822+jms578\pcb\Core\ver0.1\Core\Vl822.SchDoc with C from Capacitor.SchLib
Replace Part C? C in H:\Project\USB-SATA_Vl822+jms578\pcb\Core\ver0.1\Core\Vl822.SchDoc with C from Capacitor.SchLib
Replace Part C? C in H:\Project\USB-SATA_Vl822+jms578\pcb\Core\ver0.1\Core\Vl822.SchDoc with C from Capacitor.SchLib
Replace Part C? C in H:\Project\USB-SATA_Vl822+jms578\pcb\Core\ver0.1\Core\Vl822.SchDoc with C from Capacitor.SchLib
Replace Part C? C in H:\Project\USB-SATA_Vl822+jms578\pcb\Core\ver0.1\Core\Vl822.SchDoc with C from Capacitor.SchLib
Replace Part C? C in H:\Project\USB-SATA_Vl822+jms578\pcb\Core\ver0.1\Core\Vl822.SchDoc with C from Capacitor.SchLib
Replace Part C? C in H:\Project\USB-SATA_Vl822+jms578\pcb\Core\ver0.1\Core\Vl822.SchDoc with C from Capacitor.SchLib
Replace Part C? C in H:\Project\USB-SATA_Vl822+jms578\pcb\Core\ver0.1\Core\Vl822.SchDoc with C from Capacitor.SchLib
Replace Part C? C in H:\Project\USB-SATA_Vl822+jms578\pcb\Core\ver0.1\Core\Vl822.SchDoc with C from Capacitor.SchLib
Replace Part C? C in H:\Project\USB-SATA_Vl822+jms578\pcb\Core\ver0.1\Core\Vl822.SchDoc with C from Capacitor.SchLib
Replace Part C? C in H:\Project\USB-SATA_Vl822+jms578\pcb\Core\ver0.1\Core\Vl822.SchDoc with C from Capacitor.SchLib
Replace Part C? C in H:\Project\USB-SATA_Vl822+jms578\pcb\Core\ver0.1\Core\Vl822.SchDoc with C from Capacitor.SchLib
Replace Part C? C in H:\Project\USB-SATA_Vl822+jms578\pcb\Core\ver0.1\Core\Vl822.SchDoc with C from Capacitor.SchLib
Replace Part C? C in H:\Project\USB-SATA_Vl822+jms578\pcb\Core\ver0.1\Core\Vl822.SchDoc with C from Capacitor.SchLib
Replace Part C? C in H:\Project\USB-SATA_Vl822+jms578\pcb\Core\ver0.1\Core\Vl822.SchDoc with C from Capacitor.SchLib
Replace Part C? C in H:\Project\USB-SATA_Vl822+jms578\pcb\Core\ver0.1\Core\Vl822.SchDoc with C from Capacitor.SchLib
Replace Part C? C in H:\Project\USB-SATA_Vl822+jms578\pcb\Core\ver0.1\Core\Vl822.SchDoc with C from Capacitor.SchLib
Replace Part C? C in H:\Project\USB-SATA_Vl822+jms578\pcb\Core\ver0.1\Core\Vl822.SchDoc with C from Capacitor.SchLib
Replace Part R? R in H:\Project\USB-SATA_Vl822+jms578\pcb\Core\ver0.1\Core\Vl822.SchDoc with R from Resistor.SchLib
Replace Part R? R in H:\Project\USB-SATA_Vl822+jms578\pcb\Core\ver0.1\Core\Vl822.SchDoc with R from Resistor.SchLib
Replace Part R? R in H:\Project\USB-SATA_Vl822+jms578\pcb\Core\ver0.1\Core\Vl822.SchDoc with R from Resistor.SchLib
Replace Part R? R in H:\Project\USB-SATA_Vl822+jms578\pcb\Core\ver0.1\Core\Vl822.SchDoc with R from Resistor.SchLib
Replace Part R? R in H:\Project\USB-SATA_Vl822+jms578\pcb\Core\ver0.1\Core\Vl822.SchDoc with R from Resistor.SchLib
Replace Part R? R in H:\Project\USB-SATA_Vl822+jms578\pcb\Core\ver0.1\Core\Vl822.SchDoc with R from Resistor.SchLib
Replace Part R? R in H:\Project\USB-SATA_Vl822+jms578\pcb\Core\ver0.1\Core\Vl822.SchDoc with R from Resistor.SchLib
Replace Part R? R in H:\Project\USB-SATA_Vl822+jms578\pcb\Core\ver0.1\Core\Vl822.SchDoc with R from Resistor.SchLib
Replace Part R? R in H:\Project\USB-SATA_Vl822+jms578\pcb\Core\ver0.1\Core\Vl822.SchDoc with R from Resistor.SchLib
Replace Part R? R in H:\Project\USB-SATA_Vl822+jms578\pcb\Core\ver0.1\Core\Vl822.SchDoc with R from Resistor.SchLib
Replace Part R? R in H:\Project\USB-SATA_Vl822+jms578\pcb\Core\ver0.1\Core\Vl822.SchDoc with R from Resistor.SchLib
Replace Part R? R in H:\Project\USB-SATA_Vl822+jms578\pcb\Core\ver0.1\Core\Vl822.SchDoc with R from Resistor.SchLib
Replace Part R? R in H:\Project\USB-SATA_Vl822+jms578\pcb\Core\ver0.1\Core\Vl822.SchDoc with R from Resistor.SchLib
Replace Part R? R in H:\Project\USB-SATA_Vl822+jms578\pcb\Core\ver0.1\Core\Vl822.SchDoc with R from Resistor.SchLib
Replace Part R? R in H:\Project\USB-SATA_Vl822+jms578\pcb\Core\ver0.1\Core\Vl822.SchDoc with R from Resistor.SchLib
Replace Part R? R in H:\Project\USB-SATA_Vl822+jms578\pcb\Core\ver0.1\Core\Vl822.SchDoc with R from Resistor.SchLib
Replace Part R? R in H:\Project\USB-SATA_Vl822+jms578\pcb\Core\ver0.1\Core\Vl822.SchDoc with R from Resistor.SchLib
Replace Part R? R in H:\Project\USB-SATA_Vl822+jms578\pcb\Core\ver0.1\Core\Vl822.SchDoc with R from Resistor.SchLib
Replace Part U? VL822 Q7 in H:\Project\USB-SATA_Vl822+jms578\pcb\Core\ver0.1\Core\Vl822.SchDoc with VL822 Q7 from Brage.SchLib
Replace Part U? VL160 in H:\Project\USB-SATA_Vl822+jms578\pcb\Core\ver0.1\Core\Vl822.SchDoc with VL160 from Brage.SchLib
Replace Part Y? Crystal in H:\Project\USB-SATA_Vl822+jms578\pcb\Core\ver0.1\Core\Vl822.SchDoc with Crystal from Crystal.SchLib
