Removed Member From Class: ClassName=Sata Member=cap_RX1_N
Removed Member From Class: ClassName=Sata Member=cap_RX1_P
Removed Member From Class: ClassName=Sata Member=cap_RX2_N
Removed Member From Class: ClassName=Sata Member=cap_RX2_P
Removed Member From Class: ClassName=Sata Member=cap_RX3_N
Removed Member From Class: ClassName=Sata Member=cap_RX3_P
Removed Member From Class: ClassName=Sata Member=cap_RX4_N
Removed Member From Class: ClassName=Sata Member=cap_RX4_P
Removed Member From Class: ClassName=Sata Member=cap_TX1_N
Removed Member From Class: ClassName=Sata Member=cap_TX1_P
Removed Member From Class: ClassName=Sata Member=cap_TX2_N
Removed Member From Class: ClassName=Sata Member=cap_TX2_P
Removed Member From Class: ClassName=Sata Member=cap_TX3_N
Removed Member From Class: ClassName=Sata Member=cap_TX3_P
Removed Member From Class: ClassName=Sata Member=cap_TX4_N
Removed Member From Class: ClassName=Sata Member=cap_TX4_P
Removed Member From Class: ClassName=Sata Member=GND
Added Pin To Net: NetName=GND Pin=J1-S4
Added Pin To Net: NetName=GND Pin=J2-S4
Added Pin To Net: NetName=GND Pin=J4-S4
Added Pin To Net: NetName=GND Pin=J5-S4
