Added Component: Designator=JP3(HDR1.27-LI-6P)
Add component (AddParameter): Name = "BOM名称"; Value = "6P接插件"; VariantName = "[No Variations]"
Add component (AddParameter): Name = "学习资源"; Value = "www.ooocke.com"; VariantName = "[No Variations]"
Add component (AddParameter): Name = "版权归属"; Value = "源创客"; VariantName = "[No Variations]"
Added Component: Designator=JP4(HDR1.27-LI-6P)
Add component (AddParameter): Name = "BOM名称"; Value = "6P接插件"; VariantName = "[No Variations]"
Add component (AddParameter): Name = "学习资源"; Value = "www.ooocke.com"; VariantName = "[No Variations]"
Add component (AddParameter): Name = "版权归属"; Value = "源创客"; VariantName = "[No Variations]"
Added Component: Designator=JP5(HDR1.27-LI-6P)
Add component (AddParameter): Name = "BOM名称"; Value = "6P接插件"; VariantName = "[No Variations]"
Add component (AddParameter): Name = "学习资源"; Value = "www.ooocke.com"; VariantName = "[No Variations]"
Add component (AddParameter): Name = "版权归属"; Value = "源创客"; VariantName = "[No Variations]"
Added Component: Designator=JP6(HDR1.27-LI-6P)
Add component (AddParameter): Name = "BOM名称"; Value = "6P接插件"; VariantName = "[No Variations]"
Add component (AddParameter): Name = "学习资源"; Value = "www.ooocke.com"; VariantName = "[No Variations]"
Add component (AddParameter): Name = "版权归属"; Value = "源创客"; VariantName = "[No Variations]"
Added Member To Class: ClassName=jms578 Member=Component JP3 HDR-1X6
Added Member To Class: ClassName=jms578 Member=Component JP4 HDR-1X6
Added Member To Class: ClassName=jms578 Member=Component JP5 HDR-1X6
Added Member To Class: ClassName=jms578 Member=Component JP6 HDR-1X6
