Added Pin To Net: NetName=cap_TX1_P Pin=C2-1
Added Pin To Net: NetName=cap_TX1_P Pin=C9-1
Added Pin To Net: NetName=cap_TX1_P Pin=C10-1
Added Pin To Net: NetName=cap_TX1_P Pin=J2-S2
Added Pin To Net: NetName=cap_TX1_P Pin=J4-S2
Added Pin To Net: NetName=cap_TX1_P Pin=J5-S2
Add Differential Pair: Number of nets in differential pair GND is 1 instead of 2
Added Member To Class: ClassName=Sata Member=Wire cap_RX1_N
Added Member To Class: ClassName=Sata Member=Wire cap_RX1_P
Added Member To Class: ClassName=Sata Member=Wire cap_RX2_N
Added Member To Class: ClassName=Sata Member=Wire cap_RX2_P
Added Member To Class: ClassName=Sata Member=Wire cap_RX3_N
Added Member To Class: ClassName=Sata Member=Wire cap_RX3_P
Added Member To Class: ClassName=Sata Member=Wire cap_RX4_N
Added Member To Class: ClassName=Sata Member=Wire cap_RX4_P
Added Member To Class: ClassName=Sata Member=Wire cap_TX1_N
Added Member To Class: ClassName=Sata Member=Wire cap_TX1_P
Added Member To Class: ClassName=Sata Member=Wire cap_TX2_N
Added Member To Class: ClassName=Sata Member=Wire cap_TX3_N
Added Member To Class: ClassName=Sata Member=Wire cap_TX4_N
Added Member To Class: ClassName=Sata Member=Wire GND
