Replace Part C? C in H:\Project\USB-SATA_Vl822+jms578\pcb\Core\ver0.1\Core\Pwr.SchDoc with C from Capacitor.SchLib
Replace Part C? C in H:\Project\USB-SATA_Vl822+jms578\pcb\Core\ver0.1\Core\Pwr.SchDoc with C from Capacitor.SchLib
Replace Part C? C in H:\Project\USB-SATA_Vl822+jms578\pcb\Core\ver0.1\Core\Pwr.SchDoc with C from Capacitor.SchLib
Replace Part C? C in H:\Project\USB-SATA_Vl822+jms578\pcb\Core\ver0.1\Core\Pwr.SchDoc with C from Capacitor.SchLib
Replace Part C? C in H:\Project\USB-SATA_Vl822+jms578\pcb\Core\ver0.1\Core\Pwr.SchDoc with C from Capacitor.SchLib
Replace Part C? C in H:\Project\USB-SATA_Vl822+jms578\pcb\Core\ver0.1\Core\Pwr.SchDoc with C from Capacitor.SchLib
Replace Part C? C in H:\Project\USB-SATA_Vl822+jms578\pcb\Core\ver0.1\Core\Pwr.SchDoc with C from Capacitor.SchLib
Replace Part C? C in H:\Project\USB-SATA_Vl822+jms578\pcb\Core\ver0.1\Core\Pwr.SchDoc with C from Capacitor.SchLib
Replace Part C? C in H:\Project\USB-SATA_Vl822+jms578\pcb\Core\ver0.1\Core\Pwr.SchDoc with C from Capacitor.SchLib
Replace Part C? C in H:\Project\USB-SATA_Vl822+jms578\pcb\Core\ver0.1\Core\Pwr.SchDoc with C from Capacitor.SchLib
Replace Part C? C in H:\Project\USB-SATA_Vl822+jms578\pcb\Core\ver0.1\Core\Pwr.SchDoc with C from Capacitor.SchLib
Replace Part C? C in H:\Project\USB-SATA_Vl822+jms578\pcb\Core\ver0.1\Core\Pwr.SchDoc with C from Capacitor.SchLib
Replace Part C? C in H:\Project\USB-SATA_Vl822+jms578\pcb\Core\ver0.1\Core\Pwr.SchDoc with C from Capacitor.SchLib
Replace Part C? C in H:\Project\USB-SATA_Vl822+jms578\pcb\Core\ver0.1\Core\Pwr.SchDoc with C from Capacitor.SchLib
Replace Part C? C in H:\Project\USB-SATA_Vl822+jms578\pcb\Core\ver0.1\Core\Pwr.SchDoc with C from Capacitor.SchLib
Replace Part C? C in H:\Project\USB-SATA_Vl822+jms578\pcb\Core\ver0.1\Core\Pwr.SchDoc with C from Capacitor.SchLib
Replace Part C? C in H:\Project\USB-SATA_Vl822+jms578\pcb\Core\ver0.1\Core\Pwr.SchDoc with C from Capacitor.SchLib
Replace Part C? C in H:\Project\USB-SATA_Vl822+jms578\pcb\Core\ver0.1\Core\Pwr.SchDoc with C from Capacitor.SchLib
Replace Part C? C in H:\Project\USB-SATA_Vl822+jms578\pcb\Core\ver0.1\Core\Pwr.SchDoc with C from Capacitor.SchLib
Replace Part C? C in H:\Project\USB-SATA_Vl822+jms578\pcb\Core\ver0.1\Core\Pwr.SchDoc with C from Capacitor.SchLib
Replace Part C? C in H:\Project\USB-SATA_Vl822+jms578\pcb\Core\ver0.1\Core\Pwr.SchDoc with C from Capacitor.SchLib
Replace Part C? C in H:\Project\USB-SATA_Vl822+jms578\pcb\Core\ver0.1\Core\Pwr.SchDoc with C from Capacitor.SchLib
Replace Part C? C in H:\Project\USB-SATA_Vl822+jms578\pcb\Core\ver0.1\Core\Pwr.SchDoc with C from Capacitor.SchLib
Replace Part C? C in H:\Project\USB-SATA_Vl822+jms578\pcb\Core\ver0.1\Core\Pwr.SchDoc with C from Capacitor.SchLib
Replace Part C? C in H:\Project\USB-SATA_Vl822+jms578\pcb\Core\ver0.1\Core\Pwr.SchDoc with C from Capacitor.SchLib
Replace Part C? C in H:\Project\USB-SATA_Vl822+jms578\pcb\Core\ver0.1\Core\Pwr.SchDoc with C from Capacitor.SchLib
Replace Part C? C in H:\Project\USB-SATA_Vl822+jms578\pcb\Core\ver0.1\Core\Pwr.SchDoc with C from Capacitor.SchLib
Replace Part C? C in H:\Project\USB-SATA_Vl822+jms578\pcb\Core\ver0.1\Core\Pwr.SchDoc with C from Capacitor.SchLib
Replace Part JP? Header 2 in H:\Project\USB-SATA_Vl822+jms578\pcb\Core\ver0.1\Core\Pwr.SchDoc with Header 2 from Connector-PinHeader.SchLib
Replace Part L? L in H:\Project\USB-SATA_Vl822+jms578\pcb\Core\ver0.1\Core\Pwr.SchDoc with L from Inductor.SchLib
Replace Part L? L in H:\Project\USB-SATA_Vl822+jms578\pcb\Core\ver0.1\Core\Pwr.SchDoc with L from Inductor.SchLib
Replace Part L? L in H:\Project\USB-SATA_Vl822+jms578\pcb\Core\ver0.1\Core\Pwr.SchDoc with L from Inductor.SchLib
Replace Part L? L in H:\Project\USB-SATA_Vl822+jms578\pcb\Core\ver0.1\Core\Pwr.SchDoc with L from Inductor.SchLib
Replace Part Q? AO3401 in H:\Project\USB-SATA_Vl822+jms578\pcb\Core\ver0.1\Core\Pwr.SchDoc with AO3401 from MOSFET BJT IGBT.SchLib
Replace Part R? R in H:\Project\USB-SATA_Vl822+jms578\pcb\Core\ver0.1\Core\Pwr.SchDoc with R from Resistor.SchLib
Replace Part R? R in H:\Project\USB-SATA_Vl822+jms578\pcb\Core\ver0.1\Core\Pwr.SchDoc with R from Resistor.SchLib
Replace Part R? R in H:\Project\USB-SATA_Vl822+jms578\pcb\Core\ver0.1\Core\Pwr.SchDoc with R from Resistor.SchLib
Replace Part R? R in H:\Project\USB-SATA_Vl822+jms578\pcb\Core\ver0.1\Core\Pwr.SchDoc with R from Resistor.SchLib
Replace Part R? R in H:\Project\USB-SATA_Vl822+jms578\pcb\Core\ver0.1\Core\Pwr.SchDoc with R from Resistor.SchLib
Replace Part R? R in H:\Project\USB-SATA_Vl822+jms578\pcb\Core\ver0.1\Core\Pwr.SchDoc with R from Resistor.SchLib
Replace Part R? R in H:\Project\USB-SATA_Vl822+jms578\pcb\Core\ver0.1\Core\Pwr.SchDoc with R from Resistor.SchLib
Replace Part R? R in H:\Project\USB-SATA_Vl822+jms578\pcb\Core\ver0.1\Core\Pwr.SchDoc with R from Resistor.SchLib
Replace Part R? R in H:\Project\USB-SATA_Vl822+jms578\pcb\Core\ver0.1\Core\Pwr.SchDoc with R from Resistor.SchLib
Replace Part R? R in H:\Project\USB-SATA_Vl822+jms578\pcb\Core\ver0.1\Core\Pwr.SchDoc with R from Resistor.SchLib
Replace Part R? R in H:\Project\USB-SATA_Vl822+jms578\pcb\Core\ver0.1\Core\Pwr.SchDoc with R from Resistor.SchLib
Replace Part R? R in H:\Project\USB-SATA_Vl822+jms578\pcb\Core\ver0.1\Core\Pwr.SchDoc with R from Resistor.SchLib
Replace Part R? R in H:\Project\USB-SATA_Vl822+jms578\pcb\Core\ver0.1\Core\Pwr.SchDoc with R from Resistor.SchLib
Replace Part R? R in H:\Project\USB-SATA_Vl822+jms578\pcb\Core\ver0.1\Core\Pwr.SchDoc with R from Resistor.SchLib
Replace Part R? R in H:\Project\USB-SATA_Vl822+jms578\pcb\Core\ver0.1\Core\Pwr.SchDoc with R from Resistor.SchLib
Replace Part R? R in H:\Project\USB-SATA_Vl822+jms578\pcb\Core\ver0.1\Core\Pwr.SchDoc with R from Resistor.SchLib
Replace Part R? R in H:\Project\USB-SATA_Vl822+jms578\pcb\Core\ver0.1\Core\Pwr.SchDoc with R from Resistor.SchLib
Replace Part R? R in H:\Project\USB-SATA_Vl822+jms578\pcb\Core\ver0.1\Core\Pwr.SchDoc with R from Resistor.SchLib
Replace Part R? R in H:\Project\USB-SATA_Vl822+jms578\pcb\Core\ver0.1\Core\Pwr.SchDoc with R from Resistor.SchLib
Replace Part R? R in H:\Project\USB-SATA_Vl822+jms578\pcb\Core\ver0.1\Core\Pwr.SchDoc with R from Resistor.SchLib
Replace Part R? R in H:\Project\USB-SATA_Vl822+jms578\pcb\Core\ver0.1\Core\Pwr.SchDoc with R from Resistor.SchLib
Replace Part U? TPS54335A in H:\Project\USB-SATA_Vl822+jms578\pcb\Core\ver0.1\Core\Pwr.SchDoc with TPS54335A from DCDC Convert.SchLib
Replace Part U? MP9148 in H:\Project\USB-SATA_Vl822+jms578\pcb\Core\ver0.1\Core\Pwr.SchDoc with MP9148 from DCDC Convert.SchLib
Replace Part U? TPS54335A in H:\Project\USB-SATA_Vl822+jms578\pcb\Core\ver0.1\Core\Pwr.SchDoc with TPS54335A from DCDC Convert.SchLib
